try data/data_matlab/adlittle
total_wall_time_cost = 0.0029493
solve:0.0019427
calgF:1.4e-05
calF:3.19e-05
update:7.1e-06
search:0.0005566
init:0.0003466
total_time_cost = 0.0028989
status = DONE tgt = 225495 |F(x_k)| = 1.92577e-06
executable finished


try data/data_matlab/afiro
total_wall_time_cost = 0.0005769
solve:0.0003294
calgF:7.5e-06
calF:1.59e-05
update:6e-06
search:8.5e-05
init:8.79e-05
total_time_cost = 0.0005317
status = DONE tgt = -464.753 |F(x_k)| = 4.1772e-06
executable finished


try data/data_matlab/bandm
total_wall_time_cost = 0.0409316
solve:0.0162229
calgF:6.23e-05
calF:0.0001966
update:1.42e-05
search:0.0153821
init:0.0089632
total_time_cost = 0.0408413
status = DONE tgt = -158.628 |F(x_k)| = 3.35963e-06
executable finished


try data/data_matlab/beaconfd
total_wall_time_cost = 0.0162954
solve:0.0093586
calgF:4.72e-05
calF:0.0001095
update:6.8e-06
search:0.0042923
init:0.0023996
total_time_cost = 0.016214
status = DONE tgt = 33592.5 |F(x_k)| = 3.41797e-06
executable finished


try data/data_matlab/blend
total_wall_time_cost = 0.0034164
solve:0.0023687
calgF:1.18e-05
calF:3.3e-05
update:6.7e-06
search:0.0003458
init:0.0005991
total_time_cost = 0.0033651
status = DONE tgt = -30.8122 |F(x_k)| = 6.3534e-06
executable finished


try data/data_matlab/bore3d
total_wall_time_cost = 0.0153374
solve:0.0065643
calgF:2.68e-05
calF:7.26e-05
update:7.5e-06
search:0.0035163
init:0.0050951
total_time_cost = 0.0152826
status = DONE tgt = 6.32978e-07 |F(x_k)| = 3.37383e-07
executable finished


try data/data_matlab/brandy
total_wall_time_cost = 0.0229563
solve:0.0131801
calgF:4.24e-05
calF:0.0001449
update:1.24e-05
search:0.0061199
init:0.0033638
total_time_cost = 0.0228635
status = DONE tgt = 1518.51 |F(x_k)| = 3.21604e-06
executable finished


try data/data_matlab/capri
total_wall_time_cost = 0.109659
solve:0.0578945
calgF:0.0001992
calF:0.0004071
update:5.69e-05
search:0.0429533
init:0.0078536
total_time_cost = 0.109365
status = DONE tgt = 1912.62 |F(x_k)| = 2.27006e-06
executable finished


try data/data_matlab/degen2
total_wall_time_cost = 0.109826
solve:0.0547469
calgF:0.0002455
calF:0.0002479
update:1.33e-05
search:0.030909
init:0.0235726
total_time_cost = 0.109735
status = DONE tgt = -1435.18 |F(x_k)| = 4.29855e-06
executable finished


try data/data_matlab/e226
total_wall_time_cost = 0.0307193
solve:0.0135307
calgF:6.56e-05
calF:0.000195
update:1.6e-05
search:0.012953
init:0.0038636
total_time_cost = 0.0306239
status = DONE tgt = -18.7518 |F(x_k)| = 4.6375e-06
executable finished


try data/data_matlab/grow7
Status : FAIL 255 FAILED to solve: update delta exploded

try data/data_matlab/israel
total_wall_time_cost = 0.0576512
solve:0.0479552
calgF:5.98e-05
calF:0.0001907
update:1.94e-05
search:0.0069297
init:0.0023751
total_time_cost = 0.0575299
status = DONE tgt = -896645 |F(x_k)| = 4.46332e-06
executable finished


try data/data_matlab/kb2
total_wall_time_cost = 0.0847226
solve:0.0216947
calgF:0.0002107
calF:0.0004261
update:0.0001546
search:0.061208
init:0.000143
total_time_cost = 0.0838371
status = EXPIRED tgt = -5.96643e+08 |F(x_k)| = 0.110959
executable finished


try data/data_matlab/lotfi
WARNING: predicted cannot converge
total_wall_time_cost = 0.02676
solve:0.0116052
calgF:6.17e-05
calF:0.0001605
update:1.71e-05
search:0.0123592
init:0.0023867
total_time_cost = 0.0265904
status = HARD tgt = -25.265 |F(x_k)| = 0.000111958
executable finished


try data/data_matlab/lpi_bgdbg1
WARNING: predicted cannot converge
total_wall_time_cost = 0.417844
solve:0.351666
calgF:0.000438
calF:0.0001985
update:4.26e-05
search:0.0511408
init:0.0141288
total_time_cost = 0.417614
status = HARD tgt = 19.8778 |F(x_k)| = 45.6667
executable finished


try data/data_matlab/lpi_bgprtr
total_wall_time_cost = 0.0421943
solve:0.0046525
calgF:0.0001796
calF:0.0002239
update:0.0001499
search:0.0360652
init:0.0001278
total_time_cost = 0.0413989
status = EXPIRED tgt = 7.95578e+06 |F(x_k)| = 148851
executable finished


try data/data_matlab/lpi_box1
total_wall_time_cost = 0.0042564
solve:0.0001412
calgF:4.4e-06
calF:4.2e-06
search:0.0002339
init:0.0038555
total_time_cost = 0.0042392
status = DONE tgt = 0.000261 |F(x_k)| = 1.31915e-06
executable finished


try data/data_matlab/lpi_chemcom
total_wall_time_cost = 0.0451031
solve:0.0093086
calgF:0.0002423
calF:0.0001348
update:1.7e-05
search:0.0277792
init:0.0075252
total_time_cost = 0.0450071
status = DONE tgt = 190.54 |F(x_k)| = 2.58881e-06
executable finished


try data/data_matlab/lpi_cplex2
total_wall_time_cost = 0.0108851
solve:0.0035496
calgF:2.58e-05
calF:4.49e-05
update:6.3e-06
search:0.0032518
init:0.0039579
total_time_cost = 0.0108363
status = DONE tgt = 0.655058 |F(x_k)| = 9.10599e-06
executable finished


try data/data_matlab/lpi_ex72a
total_wall_time_cost = 0.0052302
solve:0.0014733
calgF:2.73e-05
calF:2.91e-05
update:5.4e-06
search:0.0010903
init:0.0025619
total_time_cost = 0.0051873
status = DONE tgt = 6.20068e-08 |F(x_k)| = 9.06553e-06
executable finished


try data/data_matlab/lpi_ex73a
total_wall_time_cost = 0.0024201
solve:0.0001114
calgF:1.9e-06
calF:6e-06
search:0.0001022
init:0.0021846
total_time_cost = 0.0024061
status = DONE tgt = 0.000211 |F(x_k)| = 3e-06
executable finished


try data/data_matlab/lpi_forest6
total_wall_time_cost = 0.0015069
solve:0.0005417
calgF:1.06e-05
calF:2.03e-05
update:5.4e-06
search:0.0003372
init:0.0005426
total_time_cost = 0.0014578
status = DONE tgt = 270962 |F(x_k)| = 4.18095e-06
executable finished


try data/data_matlab/lpi_galenet
total_wall_time_cost = 0.0002857
solve:0.0001329
calgF:9.3e-06
calF:1.27e-05
update:8.5e-06
search:2.86e-05
init:3.93e-05
total_time_cost = 0.0002313
status = DONE tgt = 0 |F(x_k)| = 7.31539e-06
executable finished


try data/data_matlab/lpi_itest2
WARNING: predicted cannot converge
total_wall_time_cost = 0.0003516
solve:0.0001266
calgF:2.8e-06
calF:7.2e-06
update:2.9e-06
search:9.02e-05
init:6.37e-05
total_time_cost = 0.0002934
status = HARD tgt = 0 |F(x_k)| = 2.43842
executable finished


try data/data_matlab/lpi_itest6
WARNING: predicted cannot converge
total_wall_time_cost = 0.0003706
solve:0.0001375
calgF:3e-06
calF:6.1e-06
update:2.6e-06
search:7.13e-05
init:7.46e-05
total_time_cost = 0.0002951
status = HARD tgt = 94194.1 |F(x_k)| = 65232.6
executable finished


try data/data_matlab/lpi_klein1
WARNING: predicted cannot converge
total_wall_time_cost = 0.0116471
solve:0.0093222
calgF:3.43e-05
calF:0.0001584
update:2.26e-05
search:0.0013171
init:0.0005886
total_time_cost = 0.0114432
status = HARD tgt = 0 |F(x_k)| = 1983.34
executable finished


try data/data_matlab/lpi_klein2
WARNING: predicted cannot converge
total_wall_time_cost = 6.99573
solve:6.67876
calgF:0.0018443
calF:0.0022349
update:0.0002114
search:0.271734
init:0.0396263
total_time_cost = 6.99442
status = HARD tgt = 0 |F(x_k)| = 32.1303
executable finished


try data/data_matlab/lpi_mondou2
total_wall_time_cost = 0.0601816
solve:0.0295925
calgF:0.0001283
calF:9.26e-05
update:1.31e-05
search:0.0205752
init:0.0096975
total_time_cost = 0.0600992
status = DONE tgt = 1.74903e+08 |F(x_k)| = 7.60745e-06
executable finished


try data/data_matlab/lpi_qual
total_wall_time_cost = 4.52382
solve:3.94141
calgF:0.0022914
calF:0.0019041
update:0.000307
search:0.564182
init:0.0117874
total_time_cost = 4.52188
status = EXPIRED tgt = -8.71201e+11 |F(x_k)| = 21667
executable finished


try data/data_matlab/lpi_reactor
WARNING: predicted cannot converge
total_wall_time_cost = 0.048778
solve:0.0099647
calgF:0.0002163
calF:0.0001375
update:3.95e-05
search:0.0269337
init:0.0113602
total_time_cost = 0.0486519
status = HARD tgt = -59161.7 |F(x_k)| = 66.2096
executable finished


try data/data_matlab/lpi_refinery
total_wall_time_cost = 4.08192
solve:3.53675
calgF:0.0020563
calF:0.0019037
update:0.0003128
search:0.528539
init:0.0105918
total_time_cost = 4.08016
status = EXPIRED tgt = -5.41897e+09 |F(x_k)| = 7515.23
executable finished


try data/data_matlab/lpi_vol1
total_wall_time_cost = 4.47303
solve:3.91935
calgF:0.0021498
calF:0.0018067
update:0.0003116
search:0.537696
init:0.0099176
total_time_cost = 4.47123
status = EXPIRED tgt = -8.71201e+11 |F(x_k)| = 21667
executable finished


try data/data_matlab/lpi_woodinfe
total_wall_time_cost = 0.000567
solve:0.0002334
calgF:6e-06
calF:1.14e-05
update:1.78e-05
search:0.0001411
init:0.00011
total_time_cost = 0.0005197
status = DONE tgt = 2.45213e-09 |F(x_k)| = 3.63881e-06
executable finished


try data/data_matlab/nug05
total_wall_time_cost = 0.0347844
solve:0.0284312
calgF:1.44e-05
calF:3.18e-05
update:2.08e-05
search:0.0017451
init:0.0044943
total_time_cost = 0.0347376
status = DONE tgt = 50 |F(x_k)| = 5.56168e-06
executable finished


try data/data_matlab/nug06
total_wall_time_cost = 0.190983
solve:0.16223
calgF:8.37e-05
calF:5.45e-05
update:7e-06
search:0.0091333
init:0.0194115
total_time_cost = 0.19092
status = DONE tgt = 86 |F(x_k)| = 6.75056e-06
executable finished


try data/data_matlab/nug07
total_wall_time_cost = 0.97181
solve:0.855296
calgF:0.0002997
calF:0.0001331
update:1.47e-05
search:0.0380426
init:0.077917
total_time_cost = 0.971703
status = DONE tgt = 148 |F(x_k)| = 3.3953e-06
executable finished


try data/data_matlab/recipe
Status : FAIL 255 FAILED to solve: update delta exploded

try data/data_matlab/sc105
total_wall_time_cost = 0.0027257
solve:0.0011576
calgF:1.11e-05
calF:3.59e-05
update:5.5e-06
search:0.0006665
init:0.0008038
total_time_cost = 0.0026804
status = DONE tgt = -52.2021 |F(x_k)| = 5.44631e-06
executable finished


try data/data_matlab/sc205
total_wall_time_cost = 0.011164
solve:0.0025178
calgF:3.37e-05
calF:4.81e-05
update:8.6e-06
search:0.0038892
init:0.0046039
total_time_cost = 0.0111013
status = DONE tgt = -52.2021 |F(x_k)| = 3.20755e-06
executable finished


try data/data_matlab/sc50a
total_wall_time_cost = 0.0011044
solve:0.0005544
calgF:7.4e-06
calF:1.55e-05
update:1.9e-05
search:0.0001814
init:0.000286
total_time_cost = 0.0010637
status = DONE tgt = -64.5751 |F(x_k)| = 2.23133e-06
executable finished


try data/data_matlab/sc50b
total_wall_time_cost = 0.0020542
solve:0.0012354
calgF:1.35e-05
calF:5.1e-05
update:9.7e-06
search:0.0003277
init:0.0003517
total_time_cost = 0.001989
status = DONE tgt = -70 |F(x_k)| = 9.32647e-06
executable finished


try data/data_matlab/scagr25
total_wall_time_cost = 0.0796618
solve:0.0091039
calgF:0.0002523
calF:0.0001605
update:2.17e-05
search:0.0421451
init:0.0278499
total_time_cost = 0.0795334
status = DONE tgt = -1.47534e+07 |F(x_k)| = 2.78454e-06
executable finished


try data/data_matlab/scagr7
total_wall_time_cost = 0.0045682
solve:0.00232
calgF:1.81e-05
calF:4e-05
update:8.7e-06
search:0.0010628
init:0.0010581
total_time_cost = 0.0045077
status = DONE tgt = -2.33139e+06 |F(x_k)| = 4.0766e-06
executable finished


try data/data_matlab/scfxm1
total_wall_time_cost = 0.0550823
solve:0.0164534
calgF:0.0001846
calF:0.0002425
update:1.98e-05
search:0.0271447
init:0.0109227
total_time_cost = 0.0549677
status = DONE tgt = 18416.8 |F(x_k)| = 3.30623e-06
executable finished


try data/data_matlab/scorpion
total_wall_time_cost = 0.326797
solve:0.293114
calgF:0.0001305
calF:8.02e-05
update:1.28e-05
search:0.0143188
init:0.0190324
total_time_cost = 0.326689
status = DONE tgt = 1878.12 |F(x_k)| = 4.92952e-06
executable finished


try data/data_matlab/scsd1
total_wall_time_cost = 0.0235083
solve:0.0025633
calgF:0.0001768
calF:0.0001015
update:8.4e-06
search:0.01984
init:0.0007536
total_time_cost = 0.0234436
status = DONE tgt = 8.6667 |F(x_k)| = 2.17076e-06
executable finished


try data/data_matlab/sctap1
total_wall_time_cost = 0.0449009
solve:0.0083189
calgF:0.0002386
calF:0.0001378
update:1.64e-05
search:0.0278461
init:0.0082275
total_time_cost = 0.0447853
status = DONE tgt = 1412.25 |F(x_k)| = 5.64959e-06
executable finished


try data/data_matlab/share1b
total_wall_time_cost = 0.0117023
solve:0.0065925
calgF:4.78e-05
calF:0.0001621
update:1.7e-05
search:0.0036172
init:0.0011347
total_time_cost = 0.0115713
status = DONE tgt = -76589.3 |F(x_k)| = 5.58772e-06
executable finished


try data/data_matlab/share2b
total_wall_time_cost = 0.0041548
solve:0.002504
calgF:1.48e-05
calF:4.02e-05
update:7.7e-06
search:0.0007532
init:0.0007808
total_time_cost = 0.0041007
status = DONE tgt = -415.732 |F(x_k)| = 6.3169e-06
executable finished


try data/data_matlab/stocfor1
WARNING: predicted cannot converge
total_wall_time_cost = 0.0031202
solve:0.0012665
calgF:8.8e-06
calF:1.75e-05
update:3.5e-06
search:0.0008137
init:0.0009348
total_time_cost = 0.0030448
status = HARD tgt = -28736.5 |F(x_k)| = 106.963
executable finished


try data/data_matlab/vtp_base
total_wall_time_cost = 0.0349467
solve:0.0204295
calgF:9.74e-05
calF:0.0002154
update:3.14e-05
search:0.0108937
init:0.0031038
total_time_cost = 0.0347712
status = DONE tgt = 11120.7 |F(x_k)| = 1.37387e-06
executable finished


