try data/data_matlab/adlittle
total_wall_time_cost = 0.0061958
solve:0.0048548
calgF:1.38e-05
calF:6.06e-05
update:7.7e-06
search:0.0007398
init:0.0004379
total_time_cost = 0.0061146
status = DONE tgt = 225495 |F(x_k)| = 1.92579e-07
executable finished


try data/data_matlab/afiro
total_wall_time_cost = 0.0013677
solve:0.0009956
calgF:9.6e-06
calF:3.18e-05
update:5.8e-06
search:0.0001159
init:0.0001462
total_time_cost = 0.0013049
status = DONE tgt = -464.753 |F(x_k)| = 3.06779e-07
executable finished


try data/data_matlab/bandm
total_wall_time_cost = 0.445323
solve:0.40555
calgF:0.0002052
calF:0.0014357
update:3.83e-05
search:0.0276776
init:0.0102398
total_time_cost = 0.445147
status = DONE tgt = -158.628 |F(x_k)| = 3.52008e-07
executable finished


try data/data_matlab/beaconfd
total_wall_time_cost = 0.0663474
solve:0.0556515
calgF:5.26e-05
calF:0.0003892
update:1.21e-05
search:0.0061339
init:0.0039844
total_time_cost = 0.0662237
status = DONE tgt = 33592.5 |F(x_k)| = 3.63423e-07
executable finished


try data/data_matlab/blend
total_wall_time_cost = 0.008964
solve:0.0069596
calgF:1.55e-05
calF:5.61e-05
update:8.9e-06
search:0.000805
init:0.0010324
total_time_cost = 0.0088775
status = DONE tgt = -30.8121 |F(x_k)| = 4.66648e-07
executable finished


try data/data_matlab/bore3d
total_wall_time_cost = 0.125746
solve:0.10969
calgF:6.75e-05
calF:0.0005194
update:1.1e-05
search:0.0082406
init:0.007073
total_time_cost = 0.125602
status = DONE tgt = 6.32978e-07 |F(x_k)| = 3.37383e-07
executable finished


try data/data_matlab/brandy
total_wall_time_cost = 0.158335
solve:0.140573
calgF:8.26e-05
calF:0.0006449
update:1.95e-05
search:0.0113472
init:0.0054778
total_time_cost = 0.158145
status = DONE tgt = 1518.51 |F(x_k)| = 5.2587e-07
executable finished


try data/data_matlab/capri
total_wall_time_cost = 1.12342
solve:1.04488
calgF:0.0005493
calF:0.0036759
update:8.04e-05
search:0.0650627
init:0.0086756
total_time_cost = 1.12293
status = DONE tgt = 1912.62 |F(x_k)| = 2.069e-07
executable finished


try data/data_matlab/degen2
total_wall_time_cost = 0.909802
solve:0.827381
calgF:0.0004411
calF:0.0023866
update:3.92e-05
search:0.03898
init:0.0403905
total_time_cost = 0.909618
status = DONE tgt = -1435.18 |F(x_k)| = 8.17975e-07
executable finished


try data/data_matlab/e226
total_wall_time_cost = 0.216394
solve:0.186618
calgF:0.0001497
calF:0.0012392
update:2.11e-05
search:0.0217394
init:0.0064694
total_time_cost = 0.216237
status = DONE tgt = -18.7519 |F(x_k)| = 4.74437e-07
executable finished


try data/data_matlab/grow7
total_wall_time_cost = 2.33582
solve:0.695363
calgF:0.0015602
calF:0.0057893
update:0.0002991
search:1.62901
init:0.0018845
total_time_cost = 2.3339
status = EXPIRED tgt = -4.59242e+11 |F(x_k)| = 9.08374
executable finished


try data/data_matlab/israel
total_wall_time_cost = 0.129662
solve:0.114264
calgF:8.31e-05
calF:0.0007984
update:2.54e-05
search:0.0118353
init:0.0024812
total_time_cost = 0.129488
status = DONE tgt = -896645 |F(x_k)| = 8.48044e-07
executable finished


try data/data_matlab/kb2
total_wall_time_cost = 0.177096
solve:0.043594
calgF:0.0002263
calF:0.0006612
update:0.0001516
search:0.131309
init:0.0002357
total_time_cost = 0.176178
status = EXPIRED tgt = -3.50344e+08 |F(x_k)| = 0.0938792
executable finished


try data/data_matlab/lotfi
WARNING: predicted cannot converge
total_wall_time_cost = 0.086775
solve:0.0664089
calgF:8.2e-05
calF:0.0006331
update:1.89e-05
search:0.0173195
init:0.00214
total_time_cost = 0.0866024
status = HARD tgt = -25.6998 |F(x_k)| = 0.104771
executable finished


try data/data_matlab/lpi_bgdbg1
WARNING: predicted cannot converge
total_wall_time_cost = 0.995871
solve:0.892621
calgF:0.0006314
calF:0.0036463
update:6.55e-05
search:0.0776303
init:0.020881
total_time_cost = 0.995475
status = HARD tgt = 19.8778 |F(x_k)| = 45.6667
executable finished


try data/data_matlab/lpi_bgprtr
total_wall_time_cost = 0.0611312
solve:0.0111331
calgF:0.0002262
calF:0.0003242
update:0.0001554
search:0.0481453
init:0.0001604
total_time_cost = 0.0601446
status = EXPIRED tgt = 7.95578e+06 |F(x_k)| = 148851
executable finished


try data/data_matlab/lpi_box1
total_wall_time_cost = 0.0144322
solve:0.0069115
calgF:6.4e-06
calF:2.69e-05
search:0.000351
init:0.0071152
total_time_cost = 0.014411
status = DONE tgt = 0.000261 |F(x_k)| = 1.31915e-06
executable finished


try data/data_matlab/lpi_chemcom
total_wall_time_cost = 0.503112
solve:0.443955
calgF:0.0004697
calF:0.0021056
update:3.58e-05
search:0.0455606
init:0.0107358
total_time_cost = 0.502863
status = DONE tgt = 190.54 |F(x_k)| = 2.58885e-07
executable finished


try data/data_matlab/lpi_cplex2
total_wall_time_cost = 0.122345
solve:0.106022
calgF:7.2e-05
calF:0.0005355
update:1.25e-05
search:0.0082209
init:0.0073901
total_time_cost = 0.122253
status = DONE tgt = 0.655063 |F(x_k)| = 3.73171e-07
executable finished


try data/data_matlab/lpi_ex72a
total_wall_time_cost = 0.0689118
solve:0.0605221
calgF:2.84e-05
calF:0.0002788
update:9.5e-06
search:0.0042563
init:0.0037285
total_time_cost = 0.0688236
status = DONE tgt = 6.52415e-09 |F(x_k)| = 9.53827e-07
executable finished


try data/data_matlab/lpi_ex73a
total_wall_time_cost = 0.0063714
solve:0.0025743
calgF:2.9e-06
calF:1.28e-05
search:0.0001665
init:0.0036004
total_time_cost = 0.0063569
status = DONE tgt = 0.000211 |F(x_k)| = 3e-06
executable finished


try data/data_matlab/lpi_forest6
total_wall_time_cost = 0.0062735
solve:0.0049429
calgF:1.13e-05
calF:4.63e-05
update:6.2e-06
search:0.0005373
init:0.0006632
total_time_cost = 0.0062072
status = DONE tgt = 270962 |F(x_k)| = 4.18655e-07
executable finished


try data/data_matlab/lpi_galenet
total_wall_time_cost = 0.0003713
solve:0.0001911
calgF:9.4e-06
calF:1.38e-05
update:8.3e-06
search:2.67e-05
init:3.68e-05
total_time_cost = 0.0002861
status = DONE tgt = 0 |F(x_k)| = 2.37288e-06
executable finished


try data/data_matlab/lpi_itest2
WARNING: predicted cannot converge
total_wall_time_cost = 0.0002261
solve:6.14e-05
calgF:2.6e-06
calF:3.9e-06
update:1.9e-06
search:6.54e-05
init:4.63e-05
total_time_cost = 0.0001815
status = HARD tgt = 0 |F(x_k)| = 2.43847
executable finished


try data/data_matlab/lpi_itest6
WARNING: predicted cannot converge
total_wall_time_cost = 0.0002775
solve:9.09e-05
calgF:2.4e-06
calF:4.5e-06
update:2.1e-06
search:6.59e-05
init:5.77e-05
total_time_cost = 0.0002235
status = HARD tgt = 94194.1 |F(x_k)| = 65232.6
executable finished


try data/data_matlab/lpi_klein1
WARNING: predicted cannot converge
total_wall_time_cost = 0.0122927
solve:0.0099962
calgF:3.39e-05
calF:0.0001086
update:2e-05
search:0.0013238
init:0.0006451
total_time_cost = 0.0121276
status = HARD tgt = 0 |F(x_k)| = 3.65401
executable finished


try data/data_matlab/lpi_klein2
WARNING: predicted cannot converge
total_wall_time_cost = 9.78232
solve:9.44937
calgF:0.0020508
calF:0.0180535
update:0.0002448
search:0.279352
init:0.0318911
total_time_cost = 9.78096
status = HARD tgt = 0 |F(x_k)| = 31.6286
executable finished


try data/data_matlab/lpi_mondou2
WARNING: predicted cannot converge
total_wall_time_cost = 0.526545
solve:0.45848
calgF:0.0003373
calF:0.0017149
update:2.79e-05
search:0.0541577
init:0.0115945
total_time_cost = 0.526312
status = HARD tgt = 1.74903e+08 |F(x_k)| = 6.26002e-05
executable finished


try data/data_matlab/lpi_qual
total_wall_time_cost = 12.3712
solve:7.45797
calgF:0.0039996
calF:0.0238896
update:0.0003375
search:4.87036
init:0.0115764
total_time_cost = 12.3681
status = EXPIRED tgt = -1.30445e+09 |F(x_k)| = 21101.5
executable finished


try data/data_matlab/lpi_reactor
WARNING: predicted cannot converge
total_wall_time_cost = 0.411322
solve:0.346001
calgF:0.0003284
calF:0.0015166
update:2.28e-05
search:0.0475742
init:0.0156723
total_time_cost = 0.411115
status = HARD tgt = -59101.6 |F(x_k)| = 68.8026
executable finished


try data/data_matlab/lpi_refinery
total_wall_time_cost = 11.4765
solve:6.65356
calgF:0.003596
calF:0.02132
update:0.0003116
search:4.78154
init:0.0135428
total_time_cost = 11.4739
status = EXPIRED tgt = -1.37202e+08 |F(x_k)| = 28888.7
executable finished


try data/data_matlab/lpi_vol1
total_wall_time_cost = 10.9368
solve:6.56537
calgF:0.0035104
calF:0.0217103
update:0.0003412
search:4.3324
init:0.0111506
total_time_cost = 10.9345
status = EXPIRED tgt = -1.30445e+09 |F(x_k)| = 21101.5
executable finished


try data/data_matlab/lpi_woodinfe
total_wall_time_cost = 0.002478
solve:0.0019188
calgF:9.6e-06
calF:4.67e-05
update:6.5e-06
search:0.0002466
init:0.0001983
total_time_cost = 0.0024265
status = DONE tgt = 2.90008e-10 |F(x_k)| = 4.30353e-07
executable finished


try data/data_matlab/nug05
total_wall_time_cost = 0.0546045
solve:0.0475154
calgF:1.58e-05
calF:0.0002052
update:6.1e-06
search:0.0021054
init:0.0047049
total_time_cost = 0.0545528
status = DONE tgt = 50 |F(x_k)| = 2.00784e-07
executable finished


try data/data_matlab/nug06
total_wall_time_cost = 0.28347
solve:0.252991
calgF:8.57e-05
calF:0.0005537
update:1.02e-05
search:0.0101446
init:0.0195986
total_time_cost = 0.283384
status = DONE tgt = 86 |F(x_k)| = 6.75137e-07
executable finished


try data/data_matlab/nug07
total_wall_time_cost = 1.59523
solve:1.45597
calgF:0.0003354
calF:0.0029913
update:2.51e-05
search:0.0434153
init:0.0923497
total_time_cost = 1.59509
status = DONE tgt = 148 |F(x_k)| = 3.39922e-07
executable finished


try data/data_matlab/recipe
Command '['wsl', '-e', 'code/cpp/ipm', 'data/data_matlab/recipe']' returned non-zero exit status 255.
try data/data_matlab/sc105
total_wall_time_cost = 0.0125196
solve:0.0105518
calgF:1.21e-05
calF:7.08e-05
update:5.7e-06
search:0.0008193
init:0.001015
total_time_cost = 0.0124747
status = DONE tgt = -52.2021 |F(x_k)| = 5.44752e-07
executable finished


try data/data_matlab/sc205
total_wall_time_cost = 0.0976463
solve:0.0856749
calgF:4.45e-05
calF:0.0005637
update:1.15e-05
search:0.0071679
init:0.0040885
total_time_cost = 0.097551
status = DONE tgt = -52.2021 |F(x_k)| = 6.1011e-07
executable finished


try data/data_matlab/sc50a
total_wall_time_cost = 0.0041831
solve:0.0033644
calgF:8.5e-06
calF:4.65e-05
update:6e-06
search:0.0003576
init:0.0003361
total_time_cost = 0.0041191
status = DONE tgt = -64.5751 |F(x_k)| = 4.24136e-07
executable finished


try data/data_matlab/sc50b
total_wall_time_cost = 0.0055488
solve:0.0044324
calgF:3.35e-05
calF:4.75e-05
update:1.12e-05
search:0.0004404
init:0.0004868
total_time_cost = 0.0054518
status = DONE tgt = -70 |F(x_k)| = 6.90896e-07
executable finished


try data/data_matlab/scagr25
total_wall_time_cost = 1.8267
solve:1.73
calgF:0.0004471
calF:0.0041864
update:4.41e-05
search:0.0583071
init:0.033413
total_time_cost = 1.8264
status = DONE tgt = -1.47534e+07 |F(x_k)| = 5.2908e-07
executable finished


try data/data_matlab/scagr7
total_wall_time_cost = 0.0456836
solve:0.039175
calgF:3.41e-05
calF:0.000221
update:1.37e-05
search:0.004263
init:0.0018187
total_time_cost = 0.0455255
status = DONE tgt = -2.33139e+06 |F(x_k)| = 7.74558e-07
executable finished


try data/data_matlab/scfxm1
total_wall_time_cost = 0.670847
solve:0.607699
calgF:0.0004359
calF:0.0022768
update:3.48e-05
search:0.0446042
init:0.0155536
total_time_cost = 0.670605
status = DONE tgt = 18416.8 |F(x_k)| = 3.82525e-07
executable finished


try data/data_matlab/scorpion
total_wall_time_cost = 0.55515
solve:0.511302
calgF:0.0001764
calF:0.0013003
update:1.95e-05
search:0.0186671
init:0.0234791
total_time_cost = 0.554944
status = DONE tgt = 1878.12 |F(x_k)| = 9.37607e-07
executable finished


try data/data_matlab/scsd1
total_wall_time_cost = 0.0431556
solve:0.019512
calgF:0.0002689
calF:0.0004061
update:1.29e-05
search:0.021528
init:0.0013437
total_time_cost = 0.0430716
status = DONE tgt = 8.66667 |F(x_k)| = 2.17434e-07
executable finished


try data/data_matlab/sctap1
total_wall_time_cost = 0.404907
solve:0.360115
calgF:0.0003265
calF:0.0015086
update:2.43e-05
search:0.0331466
init:0.0096383
total_time_cost = 0.404759
status = DONE tgt = 1412.25 |F(x_k)| = 2.03961e-07
executable finished


try data/data_matlab/share1b
total_wall_time_cost = 0.0532035
solve:0.0451959
calgF:5.33e-05
calF:0.0004354
update:1.77e-05
search:0.0061867
init:0.0011932
total_time_cost = 0.0530822
status = DONE tgt = -76589.3 |F(x_k)| = 7.79758e-06
executable finished


try data/data_matlab/share2b
total_wall_time_cost = 0.0148746
solve:0.012575
calgF:3.33e-05
calF:0.0001102
update:2.34e-05
search:0.001072
init:0.0009837
total_time_cost = 0.0147976
status = DONE tgt = -415.732 |F(x_k)| = 2.27943e-07
executable finished


try data/data_matlab/stocfor1
WARNING: predicted cannot converge
total_wall_time_cost = 0.0123048
solve:0.0087646
calgF:7.8e-06
calF:4.91e-05
update:3.6e-06
search:0.002115
init:0.0012996
total_time_cost = 0.0122397
status = HARD tgt = -28736.5 |F(x_k)| = 106.963
executable finished


try data/data_matlab/vtp_base
WARNING: predicted cannot converge
total_wall_time_cost = 0.245881
solve:0.215879
calgF:0.0001269
calF:0.0012532
update:3.51e-05
search:0.0233449
init:0.0049513
total_time_cost = 0.24559
status = HARD tgt = 10951.9 |F(x_k)| = 0.106097
executable finished


