try data/data_matlab/adlittle
total_wall_time_cost = 0.004405
calgF:2.81e-05
calF:3.14e-05
update:7e-06
search:0.000357
init:0.0001951
solve:0.0015627
presolve:0.0021818
total_time_cost = 0.0043631
status = DONE tgt = 225495 |F(x_k)| = 1.92577e-06
executable finished


try data/data_matlab/afiro
total_wall_time_cost = 0.0008816
calgF:6.8e-06
calF:1.18e-05
update:5e-06
search:6.55e-05
init:0.0001321
solve:0.0002384
presolve:0.0003905
total_time_cost = 0.0008501
status = DONE tgt = -464.753 |F(x_k)| = 4.1772e-06
executable finished


try data/data_matlab/bandm
total_wall_time_cost = 0.0785455
calgF:7.65e-05
calF:0.0002241
update:1.63e-05
search:0.0188677
init:0.008145
solve:0.0182198
presolve:0.0328758
total_time_cost = 0.0784252
status = DONE tgt = -158.628 |F(x_k)| = 3.35963e-06
executable finished


try data/data_matlab/beaconfd
total_wall_time_cost = 0.0320234
calgF:1.89e-05
calF:0.000107
update:6e-06
search:0.0024185
init:0.0027845
solve:0.0078595
presolve:0.0187907
total_time_cost = 0.0319851
status = DONE tgt = 33592.5 |F(x_k)| = 3.41797e-06
executable finished


try data/data_matlab/blend
total_wall_time_cost = 0.0053039
calgF:1.19e-05
calF:3.11e-05
update:6.8e-06
search:0.0004855
init:0.0003228
solve:0.0029372
presolve:0.0014531
total_time_cost = 0.0052484
status = DONE tgt = -30.8122 |F(x_k)| = 6.3534e-06
executable finished


try data/data_matlab/bore3d
total_wall_time_cost = 0.0049683
presolve:0.0049667
total_time_cost = 0.0049667
status = VIOLATED tgt = 0.00112986 |F(x_k)| = 0.00518569
executable finished


try data/data_matlab/brandy
total_wall_time_cost = 0.0352995
calgF:3.27e-05
calF:0.0001405
update:1.2e-05
search:0.0030869
init:0.002353
solve:0.0115087
presolve:0.0181026
total_time_cost = 0.0352364
status = DONE tgt = 1518.51 |F(x_k)| = 3.21604e-06
executable finished


try data/data_matlab/capri
total_wall_time_cost = 0.124592
calgF:0.0001666
calF:0.0003853
update:4.03e-05
search:0.0341272
init:0.0067037
solve:0.0552504
presolve:0.0277034
total_time_cost = 0.124377
status = DONE tgt = 1912.62 |F(x_k)| = 2.27006e-06
executable finished


try data/data_matlab/degen2
total_wall_time_cost = 0.201412
calgF:0.0002081
calF:0.0002793
update:1.58e-05
search:0.0296003
init:0.0277601
solve:0.0611251
presolve:0.0823263
total_time_cost = 0.201315
status = DONE tgt = -1435.18 |F(x_k)| = 4.29855e-06
executable finished


try data/data_matlab/e226
total_wall_time_cost = 0.0515858
calgF:6.92e-05
calF:0.0002162
update:1.67e-05
search:0.0175425
init:0.0038386
solve:0.0141112
presolve:0.0156929
total_time_cost = 0.0514873
status = DONE tgt = -18.7518 |F(x_k)| = 4.6375e-06
executable finished


try data/data_matlab/grow7
total_wall_time_cost = 0.0519394
calgF:7.82e-05
calF:0.000215
update:2.02e-05
search:0.0362475
init:0.0010835
solve:0.0123629
presolve:0.0018134
total_time_cost = 0.0518207
status = UNBOUNDED tgt = -1.85052e+19 |F(x_k)| = 41984
executable finished


try data/data_matlab/israel
total_wall_time_cost = 0.125564
calgF:0.0001044
calF:0.0002525
update:2.15e-05
search:0.0114778
init:0.0021718
solve:0.0539429
presolve:0.0574003
total_time_cost = 0.125371
status = DONE tgt = -896645 |F(x_k)| = 4.46332e-06
executable finished


try data/data_matlab/kb2
total_wall_time_cost = 0.0980787
calgF:0.0002366
calF:0.000504
update:0.0001766
search:0.0702759
init:0.0001771
solve:0.0251839
presolve:0.0004001
total_time_cost = 0.0969542
status = EXPIRED tgt = -5.96643e+08 |F(x_k)| = 0.110959
executable finished


try data/data_matlab/lotfi
total_wall_time_cost = 0.0285878
calgF:6.11e-05
calF:0.0001371
update:1.52e-05
search:0.0068239
init:0.0018233
solve:0.0097154
presolve:0.0099101
total_time_cost = 0.0284861
status = HARD tgt = -25.265 |F(x_k)| = 0.000111958
executable finished


try data/data_matlab/lpi_bgdbg1
total_wall_time_cost = 0.375984
presolve:0.375982
total_time_cost = 0.375982
status = VIOLATED tgt = 96.113 |F(x_k)| = 45.6667
executable finished


try data/data_matlab/lpi_bgprtr
total_wall_time_cost = 0.0009269
presolve:0.0009258
total_time_cost = 0.0009258
status = VIOLATED tgt = 7.47707e+06 |F(x_k)| = 5.50676
executable finished


try data/data_matlab/lpi_box1
total_wall_time_cost = 0.0078097
calgF:3.2e-06
calF:2.7e-06
search:0.0001851
init:0.0031822
solve:0.0001013
presolve:0.0043308
total_time_cost = 0.0078053
status = DONE tgt = 0.000261 |F(x_k)| = 1.31915e-06
executable finished


try data/data_matlab/lpi_chemcom
total_wall_time_cost = 0.085411
calgF:0.0002676
calF:0.0001222
update:1.91e-05
search:0.0275083
init:0.0073529
solve:0.0093019
presolve:0.0407468
total_time_cost = 0.0853188
status = DONE tgt = 190.54 |F(x_k)| = 2.58881e-06
executable finished


try data/data_matlab/lpi_cplex2
total_wall_time_cost = 0.0192548
calgF:2.21e-05
calF:4.42e-05
update:6.9e-06
search:0.0032787
init:0.0034958
solve:0.0036852
presolve:0.0086821
total_time_cost = 0.019215
status = DONE tgt = 0.655058 |F(x_k)| = 9.10599e-06
executable finished


try data/data_matlab/lpi_ex72a
total_wall_time_cost = 0.0078162
calgF:1.44e-05
calF:4.3e-05
update:5.1e-06
search:0.0012788
init:0.002045
solve:0.0017686
presolve:0.0025984
total_time_cost = 0.0077533
status = DONE tgt = 6.20068e-08 |F(x_k)| = 9.06553e-06
executable finished


try data/data_matlab/lpi_ex73a
total_wall_time_cost = 0.0043868
calgF:1.2e-06
calF:1.9e-06
search:9.39e-05
init:0.0017543
solve:9.53e-05
presolve:0.0024365
total_time_cost = 0.0043831
status = DONE tgt = 0.000211 |F(x_k)| = 3e-06
executable finished


try data/data_matlab/lpi_forest6
total_wall_time_cost = 0.0031674
calgF:9.6e-06
calF:1.71e-05
update:5.5e-06
search:0.0002531
init:0.0002719
solve:0.0004372
presolve:0.0021419
total_time_cost = 0.0031363
status = DONE tgt = 270962 |F(x_k)| = 4.18095e-06
executable finished


try data/data_matlab/lpi_galenet
total_wall_time_cost = 0.0007239
calgF:8.4e-06
calF:1.16e-05
update:2.1e-05
search:2.27e-05
init:8e-06
solve:0.0001105
presolve:0.0004837
total_time_cost = 0.0006659
status = DONE tgt = 0 |F(x_k)| = 7.31539e-06
executable finished


try data/data_matlab/lpi_itest2
total_wall_time_cost = 0.0002202
presolve:0.0002193
total_time_cost = 0.0002193
status = VIOLATED tgt = 0 |F(x_k)| = 2.43842
executable finished


try data/data_matlab/lpi_itest6
total_wall_time_cost = 0.0003461
presolve:0.0003446
total_time_cost = 0.0003446
status = VIOLATED tgt = 62527.2 |F(x_k)| = 76895
executable finished


try data/data_matlab/lpi_klein1
total_wall_time_cost = 0.0138488
presolve:0.0138475
total_time_cost = 0.0138475
status = VIOLATED tgt = 0 |F(x_k)| = 1983.34
executable finished


try data/data_matlab/lpi_klein2
total_wall_time_cost = 6.59299
presolve:6.59299
total_time_cost = 6.59299
status = VIOLATED tgt = 0 |F(x_k)| = 32.1303
executable finished


try data/data_matlab/lpi_mondou2
total_wall_time_cost = 0.0791996
calgF:0.0001382
calF:9.4e-05
update:1.36e-05
search:0.0214308
init:0.0100961
solve:0.0268466
presolve:0.0205039
total_time_cost = 0.0791232
status = DONE tgt = 1.74903e+08 |F(x_k)| = 7.60745e-06
executable finished


try data/data_matlab/lpi_qual
total_wall_time_cost = 4.48391
calgF:0.0016345
calF:0.001738
update:0.0002737
search:0.520218
init:0.0107042
solve:3.88262
presolve:0.0649154
total_time_cost = 4.4821
status = EXPIRED tgt = -8.71201e+11 |F(x_k)| = 21667
executable finished


try data/data_matlab/lpi_reactor
total_wall_time_cost = 0.100217
calgF:0.00017
calF:0.000107
update:1.05e-05
search:0.0215632
init:0.0106466
solve:0.0076881
presolve:0.0599778
total_time_cost = 0.100163
status = UNBOUNDED tgt = -59161.7 |F(x_k)| = 66.2096
executable finished


try data/data_matlab/lpi_refinery
total_wall_time_cost = 4.02585
calgF:0.001487
calF:0.0017771
update:0.0002613
search:0.478194
init:0.0098226
solve:3.42709
presolve:0.105563
total_time_cost = 4.02419
status = EXPIRED tgt = -5.41897e+09 |F(x_k)| = 7515.23
executable finished


try data/data_matlab/lpi_vol1
total_wall_time_cost = 4.60221
calgF:0.0017517
calF:0.0017839
update:0.000274
search:0.531889
init:0.0098482
solve:3.99167
presolve:0.0632291
total_time_cost = 4.60044
status = EXPIRED tgt = -8.71201e+11 |F(x_k)| = 21667
executable finished


try data/data_matlab/lpi_woodinfe
total_wall_time_cost = 0.0006213
calgF:1.86e-05
calF:9.5e-06
update:3.7e-06
search:0.0001072
init:6.69e-05
solve:0.0002171
presolve:0.0001742
total_time_cost = 0.0005972
status = DONE tgt = 2.45213e-09 |F(x_k)| = 3.63881e-06
executable finished


try data/data_matlab/nug05
total_wall_time_cost = 0.0361048
calgF:1.27e-05
calF:2.83e-05
update:4.6e-06
search:0.001077
init:0.0034503
solve:0.0258667
presolve:0.0056304
total_time_cost = 0.03607
status = DONE tgt = 50 |F(x_k)| = 5.56168e-06
executable finished


try data/data_matlab/nug06
total_wall_time_cost = 0.208749
calgF:4.65e-05
calF:4.95e-05
update:5.7e-06
search:0.0078772
init:0.018604
solve:0.151004
presolve:0.0311126
total_time_cost = 0.2087
status = DONE tgt = 86 |F(x_k)| = 6.75056e-06
executable finished


try data/data_matlab/nug07
total_wall_time_cost = 1.09917
calgF:0.0003123
calF:0.0001212
update:2.93e-05
search:0.0384447
init:0.0679889
solve:0.87019
presolve:0.121976
total_time_cost = 1.09906
status = DONE tgt = 148 |F(x_k)| = 3.3953e-06
executable finished


try data/data_matlab/recipe
total_wall_time_cost = 0.0033496
calgF:1.48e-05
calF:3.09e-05
update:7.8e-06
search:0.0007238
init:0.0004709
solve:0.001198
presolve:0.0008631
total_time_cost = 0.0033093
status = UNBOUNDED tgt = -1.75389e+31 |F(x_k)| = 5.17914e+16
executable finished


try data/data_matlab/sc105
total_wall_time_cost = 0.0046666
calgF:1.12e-05
calF:1.96e-05
update:5.4e-06
search:0.000452
init:0.0005475
solve:0.000971
presolve:0.0026302
total_time_cost = 0.0046369
status = DONE tgt = -52.2021 |F(x_k)| = 5.44631e-06
executable finished


try data/data_matlab/sc205
total_wall_time_cost = 0.0190926
calgF:2.86e-05
calF:4.59e-05
update:8.7e-06
search:0.0036147
init:0.0033837
solve:0.0025361
presolve:0.0094218
total_time_cost = 0.0190395
status = DONE tgt = -52.2021 |F(x_k)| = 3.20755e-06
executable finished


try data/data_matlab/sc50a
total_wall_time_cost = 0.0027169
calgF:7.6e-06
calF:1.31e-05
update:2.04e-05
search:0.0002109
init:0.0002788
solve:0.0007217
presolve:0.0014203
total_time_cost = 0.0026728
status = DONE tgt = -64.5751 |F(x_k)| = 2.23133e-06
executable finished


try data/data_matlab/sc50b
total_wall_time_cost = 0.0029735
calgF:1.41e-05
calF:4.14e-05
update:1.01e-05
search:0.0003453
init:0.0002537
solve:0.0010095
presolve:0.0012392
total_time_cost = 0.0029133
status = DONE tgt = -70 |F(x_k)| = 9.32647e-06
executable finished


try data/data_matlab/scagr25
total_wall_time_cost = 0.121607
calgF:0.0002503
calF:0.0001374
update:2.16e-05
search:0.0408502
init:0.0300102
solve:0.0087757
presolve:0.0414423
total_time_cost = 0.121488
status = DONE tgt = -1.47534e+07 |F(x_k)| = 2.78454e-06
executable finished


try data/data_matlab/scagr7
total_wall_time_cost = 0.0072371
calgF:1.9e-05
calF:4e-05
update:8e-06
search:0.0012347
init:0.0009699
solve:0.0024871
presolve:0.0024115
total_time_cost = 0.0071702
status = DONE tgt = -2.33139e+06 |F(x_k)| = 4.0766e-06
executable finished


try data/data_matlab/scfxm1
total_wall_time_cost = 0.0887043
calgF:0.0001531
calF:0.0002433
update:1.83e-05
search:0.0224101
init:0.0110709
solve:0.0165023
presolve:0.0382097
total_time_cost = 0.0886077
status = DONE tgt = 18416.8 |F(x_k)| = 3.30623e-06
executable finished


try data/data_matlab/scorpion
total_wall_time_cost = 0.592985
calgF:7.96e-05
calF:7.3e-05
update:1.26e-05
search:0.0118465
init:0.0169809
solve:0.299152
presolve:0.264763
total_time_cost = 0.592907
status = DONE tgt = 1878.12 |F(x_k)| = 4.92952e-06
executable finished


try data/data_matlab/scsd1
total_wall_time_cost = 0.0193012
calgF:0.0001256
calF:9.69e-05
update:8.9e-06
search:0.0135714
init:0.0006236
solve:0.0025413
presolve:0.0022673
total_time_cost = 0.019235
status = DONE tgt = 8.6667 |F(x_k)| = 2.17076e-06
executable finished


try data/data_matlab/sctap1
total_wall_time_cost = 0.0696568
calgF:0.0001773
calF:0.0001194
update:1.76e-05
search:0.0209931
init:0.0080417
solve:0.0078749
presolve:0.0323397
total_time_cost = 0.0695637
status = DONE tgt = 1412.25 |F(x_k)| = 5.64959e-06
executable finished


try data/data_matlab/share1b
total_wall_time_cost = 0.0183784
calgF:6.36e-05
calF:0.0001359
update:1.61e-05
search:0.0033697
init:0.0008651
solve:0.0063671
presolve:0.0074636
total_time_cost = 0.0182811
status = DONE tgt = -76589.3 |F(x_k)| = 5.58772e-06
executable finished


try data/data_matlab/share2b
total_wall_time_cost = 0.0060702
calgF:1.49e-05
calF:3.83e-05
update:7.2e-06
search:0.0005335
init:0.0005435
solve:0.001969
presolve:0.0029212
total_time_cost = 0.0060276
status = DONE tgt = -415.732 |F(x_k)| = 6.3169e-06
executable finished


try data/data_matlab/stocfor1
total_wall_time_cost = 0.0068261
calgF:8.6e-06
calF:1.45e-05
update:1.82e-05
search:0.0007073
init:0.0008665
solve:0.001199
presolve:0.0039901
total_time_cost = 0.0068042
status = UNBOUNDED tgt = -28736.5 |F(x_k)| = 106.963
executable finished


try data/data_matlab/vtp_base
total_wall_time_cost = 0.0509138
calgF:9.19e-05
calF:0.0002235
update:3.41e-05
search:0.0085377
init:0.0031098
solve:0.0205113
presolve:0.0182255
total_time_cost = 0.0507338
status = DONE tgt = 11120.7 |F(x_k)| = 1.37387e-06
executable finished


